<?xml version="1.0" encoding="UTF-8"?>
<!-- Generated by org.testng.reporters.JUnitReportReporter -->
<testsuite hostname="Mounica-Laptop" failures="0" tests="1" name="streamsTutorial.TypesStreams" time="0.032" errors="0" timestamp="4 May 2023 20:03:30 GMT">
  <testcase classname="streamsTutorial.TypesStreams" name="test1" time="0.032"/>
</testsuite> <!-- streamsTutorial.TypesStreams -->
